<?xml version="1.0" encoding="UTF-8"?>
<!-- Generated by org.testng.reporters.JUnitXMLReporter -->
<testsuite ignored="0" hostname="DESKTOP-G0635JT" failures="0" tests="4" name="Default test" time="24.189" errors="0" timestamp="2021-08-21T09:16:03 EET">
  <testcase classname="testPackage.TestClass" name="checkThatGoogleLogoIsDisplayed" time="0.091"/>
  <testcase classname="testPackage.TestClass" name="checkThatGooglePageTitleIsCorrect" time="0.01"/>
  <testcase classname="testPackage.TestClass" name="checkThatTheResultStatsIsNotEmpty" time="2.589"/>
  <testcase classname="testPackage.TestClass" name="checkThatTheResultStatsIsNotEmptyInCaseSearchingForSHAFT_Engine" time="2.377"/>
</testsuite> <!-- Default test -->
